mode: set
github.com/kerezsiz42/kinko/config.go:11.13,14.2 2 0
github.com/kerezsiz42/kinko/cmd/main.go:15.13,21.12 2 0
github.com/kerezsiz42/kinko/cmd/main.go:21.12,23.63 2 0
github.com/kerezsiz42/kinko/cmd/main.go:23.63,25.4 1 0
github.com/kerezsiz42/kinko/cmd/main.go:28.2,36.50 7 0
github.com/kerezsiz42/kinko/cmd/main.go:36.50,38.3 1 0
github.com/kerezsiz42/kinko/cmd/main.go:40.2,40.42 1 0
github.com/kerezsiz42/kinko/internal/database/csv/csv_database.go:18.51,20.37 2 0
github.com/kerezsiz42/kinko/internal/database/csv/csv_database.go:20.37,21.13 1 0
github.com/kerezsiz42/kinko/internal/database/csv/csv_database.go:24.2,24.11 1 0
github.com/kerezsiz42/kinko/internal/database/csv/csv_database.go:27.58,32.16 4 0
github.com/kerezsiz42/kinko/internal/database/csv/csv_database.go:32.16,34.3 1 0
github.com/kerezsiz42/kinko/internal/database/csv/csv_database.go:35.2,39.16 4 0
github.com/kerezsiz42/kinko/internal/database/csv/csv_database.go:39.16,41.3 1 0
github.com/kerezsiz42/kinko/internal/database/csv/csv_database.go:43.2,44.36 2 0
github.com/kerezsiz42/kinko/internal/database/csv/csv_database.go:44.36,45.76 1 0
github.com/kerezsiz42/kinko/internal/database/csv/csv_database.go:45.76,47.4 1 0
github.com/kerezsiz42/kinko/internal/database/csv/csv_database.go:49.3,49.48 1 0
github.com/kerezsiz42/kinko/internal/database/csv/csv_database.go:49.48,51.4 1 0
github.com/kerezsiz42/kinko/internal/database/csv/csv_database.go:53.3,53.72 1 0
github.com/kerezsiz42/kinko/internal/database/csv/csv_database.go:56.2,56.27 1 0
github.com/kerezsiz42/kinko/internal/database/csv/csv_database.go:59.65,64.16 4 0
github.com/kerezsiz42/kinko/internal/database/csv/csv_database.go:64.16,66.3 1 0
github.com/kerezsiz42/kinko/internal/database/csv/csv_database.go:67.2,72.60 4 0
github.com/kerezsiz42/kinko/internal/database/csv/csv_database.go:72.60,74.3 1 0
github.com/kerezsiz42/kinko/internal/database/csv/csv_database.go:76.2,76.33 1 0
github.com/kerezsiz42/kinko/internal/database/csv/csv_database.go:76.33,77.54 1 0
github.com/kerezsiz42/kinko/internal/database/csv/csv_database.go:77.54,79.4 1 0
github.com/kerezsiz42/kinko/internal/database/csv/csv_database.go:82.2,82.12 1 0
github.com/kerezsiz42/kinko/internal/utils/utils.go:19.56,22.20 2 0
github.com/kerezsiz42/kinko/internal/utils/utils.go:22.20,24.3 1 0
github.com/kerezsiz42/kinko/internal/utils/utils.go:26.2,26.19 1 0
github.com/kerezsiz42/kinko/internal/utils/utils.go:29.54,31.17 2 0
github.com/kerezsiz42/kinko/internal/utils/utils.go:31.17,33.3 1 0
github.com/kerezsiz42/kinko/internal/utils/utils.go:35.2,35.25 1 0
github.com/kerezsiz42/kinko/internal/utils/utils.go:35.25,37.3 1 0
github.com/kerezsiz42/kinko/internal/utils/utils.go:39.2,40.12 2 0
github.com/kerezsiz42/kinko/internal/utils/utils.go:43.40,45.16 2 0
github.com/kerezsiz42/kinko/internal/utils/utils.go:45.16,47.3 1 0
github.com/kerezsiz42/kinko/internal/utils/utils.go:49.2,50.52 2 0
github.com/kerezsiz42/kinko/internal/utils/utils.go:50.52,52.3 1 0
github.com/kerezsiz42/kinko/internal/utils/utils.go:54.2,54.18 1 0
github.com/kerezsiz42/kinko/internal/utils/utils.go:57.45,58.22 1 0
github.com/kerezsiz42/kinko/internal/utils/utils.go:58.22,60.3 1 0
github.com/kerezsiz42/kinko/internal/utils/utils.go:62.2,62.19 1 0
github.com/kerezsiz42/kinko/internal/utils/utils.go:62.19,63.19 1 0
github.com/kerezsiz42/kinko/internal/utils/utils.go:63.19,65.4 1 0
github.com/kerezsiz42/kinko/internal/utils/utils.go:68.2,68.13 1 0
github.com/kerezsiz42/kinko/internal/utils/utils.go:71.25,73.2 1 0
github.com/kerezsiz42/kinko/internal/database/record.go:29.39,39.2 1 0
github.com/kerezsiz42/kinko/internal/database/record.go:46.11,58.2 2 1
github.com/kerezsiz42/kinko/internal/database/record.go:60.62,61.17 1 1
github.com/kerezsiz42/kinko/internal/database/record.go:61.17,63.3 1 1
github.com/kerezsiz42/kinko/internal/database/record.go:65.2,65.19 1 1
github.com/kerezsiz42/kinko/internal/database/record.go:65.19,67.3 1 0
github.com/kerezsiz42/kinko/internal/database/record.go:69.2,69.20 1 1
github.com/kerezsiz42/kinko/internal/database/record.go:69.20,71.3 1 0
github.com/kerezsiz42/kinko/internal/database/record.go:73.2,73.17 1 1
github.com/kerezsiz42/kinko/internal/database/record.go:73.17,75.3 1 0
github.com/kerezsiz42/kinko/internal/database/record.go:77.2,77.51 1 1
github.com/kerezsiz42/kinko/internal/database/record.go:80.35,90.2 1 0
github.com/kerezsiz42/kinko/internal/utils/utils.go:19.56,22.20 2 1
github.com/kerezsiz42/kinko/internal/utils/utils.go:22.20,24.3 1 1
github.com/kerezsiz42/kinko/internal/utils/utils.go:26.2,26.19 1 1
github.com/kerezsiz42/kinko/internal/utils/utils.go:29.54,31.17 2 0
github.com/kerezsiz42/kinko/internal/utils/utils.go:31.17,33.3 1 0
github.com/kerezsiz42/kinko/internal/utils/utils.go:35.2,35.25 1 0
github.com/kerezsiz42/kinko/internal/utils/utils.go:35.25,37.3 1 0
github.com/kerezsiz42/kinko/internal/utils/utils.go:39.2,40.12 2 0
github.com/kerezsiz42/kinko/internal/utils/utils.go:43.40,45.16 2 1
github.com/kerezsiz42/kinko/internal/utils/utils.go:45.16,47.3 1 0
github.com/kerezsiz42/kinko/internal/utils/utils.go:49.2,50.52 2 1
github.com/kerezsiz42/kinko/internal/utils/utils.go:50.52,52.3 1 0
github.com/kerezsiz42/kinko/internal/utils/utils.go:54.2,54.18 1 1
github.com/kerezsiz42/kinko/internal/utils/utils.go:57.45,58.22 1 0
github.com/kerezsiz42/kinko/internal/utils/utils.go:58.22,60.3 1 0
github.com/kerezsiz42/kinko/internal/utils/utils.go:62.2,62.19 1 0
github.com/kerezsiz42/kinko/internal/utils/utils.go:62.19,63.19 1 0
github.com/kerezsiz42/kinko/internal/utils/utils.go:63.19,65.4 1 0
github.com/kerezsiz42/kinko/internal/utils/utils.go:68.2,68.13 1 0
github.com/kerezsiz42/kinko/internal/utils/utils.go:71.25,73.2 1 1
github.com/kerezsiz42/kinko/internal/server/server.go:19.13,21.16 2 0
github.com/kerezsiz42/kinko/internal/server/server.go:21.16,22.13 1 0
github.com/kerezsiz42/kinko/internal/server/server.go:25.2,25.10 1 0
github.com/kerezsiz42/kinko/internal/server/server.go:28.59,33.46 2 0
github.com/kerezsiz42/kinko/internal/server/server.go:33.46,36.3 2 0
github.com/kerezsiz42/kinko/internal/server/server.go:39.58,42.2 2 0
github.com/kerezsiz42/kinko/internal/server/server.go:44.53,47.2 2 0
github.com/kerezsiz42/kinko/internal/server/server.go:49.53,52.2 2 0
github.com/kerezsiz42/kinko/internal/server/server.go:54.27,63.2 7 0
github.com/kerezsiz42/kinko/internal/utils/utils.go:19.56,22.20 2 0
github.com/kerezsiz42/kinko/internal/utils/utils.go:22.20,24.3 1 0
github.com/kerezsiz42/kinko/internal/utils/utils.go:26.2,26.19 1 0
github.com/kerezsiz42/kinko/internal/utils/utils.go:29.54,31.17 2 0
github.com/kerezsiz42/kinko/internal/utils/utils.go:31.17,33.3 1 0
github.com/kerezsiz42/kinko/internal/utils/utils.go:35.2,35.25 1 0
github.com/kerezsiz42/kinko/internal/utils/utils.go:35.25,37.3 1 0
github.com/kerezsiz42/kinko/internal/utils/utils.go:39.2,40.12 2 0
github.com/kerezsiz42/kinko/internal/utils/utils.go:43.40,45.16 2 0
github.com/kerezsiz42/kinko/internal/utils/utils.go:45.16,47.3 1 0
github.com/kerezsiz42/kinko/internal/utils/utils.go:49.2,50.52 2 0
github.com/kerezsiz42/kinko/internal/utils/utils.go:50.52,52.3 1 0
github.com/kerezsiz42/kinko/internal/utils/utils.go:54.2,54.18 1 0
github.com/kerezsiz42/kinko/internal/utils/utils.go:57.45,58.22 1 0
github.com/kerezsiz42/kinko/internal/utils/utils.go:58.22,60.3 1 0
github.com/kerezsiz42/kinko/internal/utils/utils.go:62.2,62.19 1 0
github.com/kerezsiz42/kinko/internal/utils/utils.go:62.19,63.19 1 0
github.com/kerezsiz42/kinko/internal/utils/utils.go:63.19,65.4 1 0
github.com/kerezsiz42/kinko/internal/utils/utils.go:68.2,68.13 1 0
github.com/kerezsiz42/kinko/internal/utils/utils.go:71.25,73.2 1 0
